TN:
SF:dev-harness/bridge-stub.js
FN:10,(anonymous_0)
FN:33,(anonymous_1)
FN:188,(anonymous_2)
FN:269,(anonymous_3)
FN:278,(anonymous_4)
FN:300,(anonymous_5)
FN:313,(anonymous_6)
FN:331,(anonymous_7)
FN:358,(anonymous_8)
FN:372,(anonymous_9)
FN:374,(anonymous_10)
FN:383,(anonymous_11)
FN:388,(anonymous_12)
FN:401,(anonymous_13)
FN:404,(anonymous_14)
FN:415,(anonymous_15)
FN:418,(anonymous_16)
FN:427,(anonymous_17)
FN:430,(anonymous_18)
FN:439,(anonymous_19)
FN:442,(anonymous_20)
FN:452,(anonymous_21)
FN:455,(anonymous_22)
FN:466,(anonymous_23)
FN:469,(anonymous_24)
FN:478,(anonymous_25)
FN:481,(anonymous_26)
FN:498,(anonymous_27)
FN:506,(anonymous_28)
FN:515,(anonymous_29)
FN:524,(anonymous_30)
FN:532,(anonymous_31)
FN:537,(anonymous_32)
FN:542,(anonymous_33)
FN:547,(anonymous_34)
FN:552,(anonymous_35)
FN:557,(anonymous_36)
FN:561,(anonymous_37)
FN:566,(anonymous_38)
FN:571,(anonymous_39)
FN:575,(anonymous_40)
FNF:41
FNH:3
FNDA:14,(anonymous_0)
FNDA:14,(anonymous_1)
FNDA:11,(anonymous_2)
FNDA:0,(anonymous_3)
FNDA:0,(anonymous_4)
FNDA:0,(anonymous_5)
FNDA:0,(anonymous_6)
FNDA:0,(anonymous_7)
FNDA:0,(anonymous_8)
FNDA:0,(anonymous_9)
FNDA:0,(anonymous_10)
FNDA:0,(anonymous_11)
FNDA:0,(anonymous_12)
FNDA:0,(anonymous_13)
FNDA:0,(anonymous_14)
FNDA:0,(anonymous_15)
FNDA:0,(anonymous_16)
FNDA:0,(anonymous_17)
FNDA:0,(anonymous_18)
FNDA:0,(anonymous_19)
FNDA:0,(anonymous_20)
FNDA:0,(anonymous_21)
FNDA:0,(anonymous_22)
FNDA:0,(anonymous_23)
FNDA:0,(anonymous_24)
FNDA:0,(anonymous_25)
FNDA:0,(anonymous_26)
FNDA:0,(anonymous_27)
FNDA:0,(anonymous_28)
FNDA:0,(anonymous_29)
FNDA:0,(anonymous_30)
FNDA:0,(anonymous_31)
FNDA:0,(anonymous_32)
FNDA:0,(anonymous_33)
FNDA:0,(anonymous_34)
FNDA:0,(anonymous_35)
FNDA:0,(anonymous_36)
FNDA:0,(anonymous_37)
FNDA:0,(anonymous_38)
FNDA:0,(anonymous_39)
FNDA:0,(anonymous_40)
DA:11,14
DA:12,14
DA:13,14
DA:14,14
DA:15,14
DA:16,14
DA:17,14
DA:18,14
DA:19,14
DA:22,14
DA:25,14
DA:28,14
DA:30,14
DA:35,14
DA:63,14
DA:102,14
DA:136,14
DA:148,14
DA:158,14
DA:159,14
DA:160,14
DA:161,14
DA:164,14
DA:173,14
DA:185,14
DA:189,11
DA:199,11
DA:202,0
DA:203,0
DA:205,0
DA:206,0
DA:208,0
DA:209,0
DA:211,0
DA:212,0
DA:214,0
DA:215,0
DA:219,0
DA:220,0
DA:222,0
DA:223,0
DA:225,0
DA:226,0
DA:228,0
DA:229,0
DA:231,0
DA:232,0
DA:236,0
DA:237,0
DA:239,0
DA:240,0
DA:242,0
DA:243,0
DA:247,0
DA:248,0
DA:250,0
DA:251,0
DA:255,0
DA:256,0
DA:259,11
DA:261,11
DA:262,0
DA:270,0
DA:274,0
DA:279,0
DA:282,0
DA:283,0
DA:286,0
DA:287,0
DA:289,0
DA:292,0
DA:293,0
DA:297,0
DA:301,0
DA:303,0
DA:304,0
DA:306,0
DA:308,0
DA:309,0
DA:314,0
DA:316,0
DA:317,0
DA:319,0
DA:321,0
DA:322,0
DA:326,0
DA:327,0
DA:332,0
DA:334,0
DA:336,0
DA:342,0
DA:346,0
DA:347,0
DA:351,0
DA:352,0
DA:353,0
DA:354,0
DA:359,0
DA:360,0
DA:361,0
DA:362,0
DA:363,0
DA:367,0
DA:368,0
DA:374,0
DA:375,0
DA:376,0
DA:377,0
DA:384,0
DA:386,0
DA:387,0
DA:388,0
DA:389,0
DA:394,0
DA:396,0
DA:397,0
DA:402,0
DA:404,0
DA:405,0
DA:408,0
DA:410,0
DA:411,0
DA:416,0
DA:418,0
DA:420,0
DA:422,0
DA:423,0
DA:428,0
DA:430,0
DA:432,0
DA:434,0
DA:435,0
DA:440,0
DA:442,0
DA:444,0
DA:446,0
DA:447,0
DA:453,0
DA:455,0
DA:456,0
DA:459,0
DA:461,0
DA:462,0
DA:467,0
DA:469,0
DA:471,0
DA:473,0
DA:474,0
DA:479,0
DA:481,0
DA:482,0
DA:484,0
DA:486,0
DA:487,0
DA:490,0
DA:492,0
DA:493,0
DA:499,0
DA:501,0
DA:502,0
DA:507,0
DA:509,0
DA:510,0
DA:516,0
DA:518,0
DA:519,0
DA:525,0
DA:526,0
DA:529,0
DA:533,0
DA:534,0
DA:538,0
DA:539,0
DA:543,0
DA:544,0
DA:548,0
DA:549,0
DA:553,0
DA:554,0
DA:558,0
DA:562,0
DA:563,0
DA:564,0
DA:566,0
DA:567,0
DA:572,0
DA:576,0
DA:577,0
DA:578,0
DA:579,0
LF:190
LH:29
BRDA:199,0,0,0
BRDA:199,0,1,0
BRDA:199,0,2,0
BRDA:199,0,3,0
BRDA:199,0,4,0
BRDA:199,0,5,0
BRDA:199,0,6,0
BRDA:199,0,7,0
BRDA:199,0,8,0
BRDA:199,0,9,0
BRDA:199,0,10,0
BRDA:199,0,11,0
BRDA:199,0,12,0
BRDA:199,0,13,0
BRDA:199,0,14,0
BRDA:199,0,15,0
BRDA:199,0,16,11
BRDA:261,1,0,0
BRDA:261,1,1,11
BRDA:282,2,0,0
BRDA:282,2,1,0
BRDA:292,3,0,0
BRDA:292,3,1,0
BRDA:304,4,0,0
BRDA:304,4,1,0
BRDA:308,5,0,0
BRDA:308,5,1,0
BRDA:317,6,0,0
BRDA:317,6,1,0
BRDA:321,7,0,0
BRDA:321,7,1,0
BRDA:326,8,0,0
BRDA:326,8,1,0
BRDA:334,9,0,0
BRDA:334,9,1,0
BRDA:346,10,0,0
BRDA:346,10,1,0
BRDA:351,11,0,0
BRDA:351,11,1,0
BRDA:353,12,0,0
BRDA:353,12,1,0
BRDA:359,13,0,0
BRDA:359,13,1,0
BRDA:361,14,0,0
BRDA:361,14,1,0
BRDA:367,15,0,0
BRDA:367,15,1,0
BRDA:375,16,0,0
BRDA:375,16,1,0
BRDA:375,17,0,0
BRDA:375,17,1,0
BRDA:387,18,0,0
BRDA:387,18,1,0
BRDA:389,19,0,0
BRDA:389,19,1,0
BRDA:396,20,0,0
BRDA:396,20,1,0
BRDA:405,21,0,0
BRDA:405,21,1,0
BRDA:410,22,0,0
BRDA:410,22,1,0
BRDA:422,23,0,0
BRDA:422,23,1,0
BRDA:423,24,0,0
BRDA:423,24,1,0
BRDA:434,25,0,0
BRDA:434,25,1,0
BRDA:446,26,0,0
BRDA:446,26,1,0
BRDA:447,27,0,0
BRDA:447,27,1,0
BRDA:456,28,0,0
BRDA:456,28,1,0
BRDA:461,29,0,0
BRDA:461,29,1,0
BRDA:473,30,0,0
BRDA:473,30,1,0
BRDA:474,31,0,0
BRDA:474,31,1,0
BRDA:484,32,0,0
BRDA:484,32,1,0
BRDA:484,33,0,0
BRDA:484,33,1,0
BRDA:484,33,2,0
BRDA:492,34,0,0
BRDA:492,34,1,0
BRDA:501,35,0,0
BRDA:501,35,1,0
BRDA:509,36,0,0
BRDA:509,36,1,0
BRDA:518,37,0,0
BRDA:518,37,1,0
BRDA:562,38,0,0
BRDA:562,38,1,0
BRF:94
BRH:2
end_of_record
TN:
SF:dev-harness/server.js
FN:19,(anonymous_0)
FN:30,discoverApplications
FN:63,(anonymous_2)
FN:67,(anonymous_3)
FN:73,(anonymous_4)
FN:133,(anonymous_5)
FN:156,(anonymous_6)
FN:160,(anonymous_7)
FN:171,(anonymous_8)
FN:176,(anonymous_9)
FN:188,(anonymous_10)
FN:203,(anonymous_11)
FNF:12
FNH:0
FNDA:0,(anonymous_0)
FNDA:0,discoverApplications
FNDA:0,(anonymous_2)
FNDA:0,(anonymous_3)
FNDA:0,(anonymous_4)
FNDA:0,(anonymous_5)
FNDA:0,(anonymous_6)
FNDA:0,(anonymous_7)
FNDA:0,(anonymous_8)
FNDA:0,(anonymous_9)
FNDA:0,(anonymous_10)
FNDA:0,(anonymous_11)
DA:12,0
DA:13,0
DA:15,0
DA:16,0
DA:19,0
DA:20,0
DA:21,0
DA:22,0
DA:23,0
DA:27,0
DA:31,0
DA:32,0
DA:34,0
DA:35,0
DA:37,0
DA:38,0
DA:39,0
DA:40,0
DA:41,0
DA:43,0
DA:44,0
DA:45,0
DA:47,0
DA:60,0
DA:63,0
DA:67,0
DA:68,0
DA:69,0
DA:73,0
DA:74,0
DA:75,0
DA:77,0
DA:78,0
DA:81,0
DA:82,0
DA:85,0
DA:86,0
DA:89,0
DA:90,0
DA:91,0
DA:94,0
DA:98,0
DA:99,0
DA:102,0
DA:104,0
DA:111,0
DA:112,0
DA:113,0
DA:119,0
DA:120,0
DA:121,0
DA:125,0
DA:127,0
DA:128,0
DA:133,0
DA:134,0
DA:135,0
DA:137,0
DA:138,0
DA:140,0
DA:145,0
DA:148,0
DA:156,0
DA:157,0
DA:160,0
DA:161,0
DA:162,0
DA:171,0
DA:172,0
DA:176,0
DA:177,0
DA:187,0
DA:188,0
DA:189,0
DA:190,0
DA:193,0
DA:203,0
DA:204,0
DA:205,0
DA:206,0
DA:207,0
DA:208,0
LF:82
LH:0
BRDA:16,0,0,0
BRDA:16,0,1,0
BRDA:38,1,0,0
BRDA:38,1,1,0
BRDA:43,2,0,0
BRDA:43,2,1,0
BRDA:49,3,0,0
BRDA:49,3,1,0
BRDA:49,3,2,0
BRDA:50,4,0,0
BRDA:50,4,1,0
BRDA:51,5,0,0
BRDA:51,5,1,0
BRDA:52,6,0,0
BRDA:52,6,1,0
BRDA:54,7,0,0
BRDA:54,7,1,0
BRDA:77,8,0,0
BRDA:77,8,1,0
BRDA:94,9,0,0
BRDA:94,9,1,0
BRDA:94,9,2,0
BRDA:94,9,3,0
BRDA:94,9,4,0
BRDA:98,10,0,0
BRDA:98,10,1,0
BRDA:102,11,0,0
BRDA:102,11,1,0
BRDA:111,12,0,0
BRDA:111,12,1,0
BRDA:112,13,0,0
BRDA:112,13,1,0
BRDA:120,14,0,0
BRDA:120,14,1,0
BRDA:137,15,0,0
BRDA:137,15,1,0
BRDA:161,16,0,0
BRDA:161,16,1,0
BRDA:189,17,0,0
BRDA:189,17,1,0
BRDA:190,18,0,0
BRDA:190,18,1,0
BRF:42
BRH:0
end_of_record
TN:
SF:scripts/build-all-apps.js
FN:17,(anonymous_0)
FNF:1
FNH:0
FNDA:0,(anonymous_0)
DA:9,0
DA:10,0
DA:12,0
DA:14,0
DA:17,0
DA:18,0
DA:19,0
DA:22,0
DA:23,0
DA:25,0
DA:26,0
DA:27,0
DA:29,0
DA:30,0
DA:31,0
DA:34,0
DA:35,0
DA:37,0
DA:39,0
DA:40,0
DA:41,0
DA:48,0
DA:49,0
DA:54,0
DA:55,0
DA:57,0
DA:58,0
DA:62,0
DA:63,0
DA:64,0
DA:66,0
DA:67,0
DA:68,0
DA:69,0
DA:71,0
DA:72,0
DA:73,0
LF:37
LH:0
BRDA:29,0,0,0
BRDA:29,0,1,0
BRDA:39,1,0,0
BRDA:39,1,1,0
BRDA:66,2,0,0
BRDA:66,2,1,0
BRF:6
BRH:0
end_of_record
TN:
SF:scripts/create-placeholder.js
FN:12,createPlaceholderHTML
FN:198,(anonymous_1)
FNF:2
FNH:0
FNDA:0,createPlaceholderHTML
FNDA:0,(anonymous_1)
DA:8,0
DA:9,0
DA:13,0
DA:184,0
DA:198,0
DA:199,0
DA:200,0
DA:203,0
DA:204,0
DA:208,0
DA:209,0
DA:211,0
DA:214,0
LF:13
LH:0
BRDA:203,0,0,0
BRDA:203,0,1,0
BRF:2
BRH:0
end_of_record
